  lab1-1.c
  base.c
C:\Users\user\Desktop\Дед Мазай и Зайцев\Числаки\lab1 (1)\lab1.5\lab1-1\lab1-1.c(27,19): warning C4018: <: несоответствие типов со знаком и без знака
C:\Users\user\Desktop\Дед Мазай и Зайцев\Числаки\lab1 (1)\lab1.5\lab1-1\lab1-1.c(28,23): warning C4018: <: несоответствие типов со знаком и без знака
C:\Users\user\Desktop\Дед Мазай и Зайцев\Числаки\lab1 (1)\lab1.5\lab1-1\lab1-1.c(33,19): warning C4018: <: несоответствие типов со знаком и без знака
C:\Users\user\Desktop\Дед Мазай и Зайцев\Числаки\lab1 (1)\lab1.5\lab1-1\lab1-1.c(37,23): warning C4018: <: несоответствие типов со знаком и без знака
C:\Users\user\Desktop\Дед Мазай и Зайцев\Числаки\lab1 (1)\lab1.5\lab1-1\lab1-1.c(39,23): warning C4018: <: несоответствие типов со знаком и без знака
C:\Users\user\Desktop\Дед Мазай и Зайцев\Числаки\lab1 (1)\lab1.5\lab1-1\lab1-1.c(49,23): warning C4018: <: несоответствие типов со знаком и без знака
C:\Users\user\Desktop\Дед Мазай и Зайцев\Числаки\lab1 (1)\lab1.5\lab1-1\lab1-1.c(51,23): warning C4018: <: несоответствие типов со знаком и без знака
C:\Users\user\Desktop\Дед Мазай и Зайцев\Числаки\lab1 (1)\lab1.5\lab1-1\lab1-1.c(52,27): warning C4018: <: несоответствие типов со знаком и без знака
C:\Users\user\Desktop\Дед Мазай и Зайцев\Числаки\lab1 (1)\lab1.5\lab1-1\lab1-1.c(56,23): warning C4018: <: несоответствие типов со знаком и без знака
C:\Users\user\Desktop\Дед Мазай и Зайцев\Числаки\lab1 (1)\lab1.5\lab1-1\lab1-1.c(57,27): warning C4018: <: несоответствие типов со знаком и без знака
C:\Users\user\Desktop\Дед Мазай и Зайцев\Числаки\lab1 (1)\lab1.5\lab1-1\lab1-1.c(64,23): warning C4018: <: несоответствие типов со знаком и без знака
C:\Users\user\Desktop\Дед Мазай и Зайцев\Числаки\lab1 (1)\lab1.5\lab1-1\lab1-1.c(65,27): warning C4018: <: несоответствие типов со знаком и без знака
C:\Users\user\Desktop\Дед Мазай и Зайцев\Числаки\lab1 (1)\lab1.5\lab1-1\lab1-1.c(82,19): warning C4018: <: несоответствие типов со знаком и без знака
C:\Users\user\Desktop\Дед Мазай и Зайцев\Числаки\lab1 (1)\lab1.5\lab1-1\lab1-1.c(84,27): warning C4018: <: несоответствие типов со знаком и без знака
C:\Users\user\Desktop\Дед Мазай и Зайцев\Числаки\lab1 (1)\lab1.5\lab1-1\lab1-1.c(104,19): warning C4018: <: несоответствие типов со знаком и без знака
C:\Users\user\Desktop\Дед Мазай и Зайцев\Числаки\lab1 (1)\lab1.5\lab1-1\lab1-1.c(105,23): warning C4018: <: несоответствие типов со знаком и без знака
C:\Users\user\Desktop\Дед Мазай и Зайцев\Числаки\lab1 (1)\lab1.5\lab1-1\lab1-1.c(122,19): warning C4018: <: несоответствие типов со знаком и без знака
C:\Users\user\Desktop\Дед Мазай и Зайцев\Числаки\lab1 (1)\lab1.5\lab1-1\lab1-1.c(124,27): warning C4018: <: несоответствие типов со знаком и без знака
C:\Users\user\Desktop\Дед Мазай и Зайцев\Числаки\lab1 (1)\lab1.5\lab1-1\lab1-1.c(149,9): warning C4101: i: неиспользованная локальная переменная
C:\Users\user\Desktop\Дед Мазай и Зайцев\Числаки\lab1 (1)\lab1.5\lab1-1\base.c(16,23): warning C4018: <: несоответствие типов со знаком и без знака
C:\Users\user\Desktop\Дед Мазай и Зайцев\Числаки\lab1 (1)\lab1.5\lab1-1\base.c(34,27): warning C4018: <: несоответствие типов со знаком и без знака
C:\Users\user\Desktop\Дед Мазай и Зайцев\Числаки\lab1 (1)\lab1.5\lab1-1\base.c(50,19): warning C4018: <: несоответствие типов со знаком и без знака
C:\Users\user\Desktop\Дед Мазай и Зайцев\Числаки\lab1 (1)\lab1.5\lab1-1\base.c(52,23): warning C4018: <: несоответствие типов со знаком и без знака
C:\Users\user\Desktop\Дед Мазай и Зайцев\Числаки\lab1 (1)\lab1.5\lab1-1\base.c(87,19): warning C4018: <: несоответствие типов со знаком и без знака
C:\Users\user\Desktop\Дед Мазай и Зайцев\Числаки\lab1 (1)\lab1.5\lab1-1\base.c(88,23): warning C4018: <: несоответствие типов со знаком и без знака
C:\Users\user\Desktop\Дед Мазай и Зайцев\Числаки\lab1 (1)\lab1.5\lab1-1\base.c(89,27): warning C4018: <: несоответствие типов со знаком и без знака
C:\Users\user\Desktop\Дед Мазай и Зайцев\Числаки\lab1 (1)\lab1.5\lab1-1\base.c(97,23): warning C4018: <: несоответствие типов со знаком и без знака
C:\Users\user\Desktop\Дед Мазай и Зайцев\Числаки\lab1 (1)\lab1.5\lab1-1\base.c(107,23): warning C4018: <: несоответствие типов со знаком и без знака
C:\Users\user\Desktop\Дед Мазай и Зайцев\Числаки\lab1 (1)\lab1.5\lab1-1\base.c(122,19): warning C4018: <: несоответствие типов со знаком и без знака
C:\Users\user\Desktop\Дед Мазай и Зайцев\Числаки\lab1 (1)\lab1.5\lab1-1\base.c(123,23): warning C4018: <: несоответствие типов со знаком и без знака
  Создание кода...
  lab1-1.vcxproj -> C:\Users\user\Desktop\Дед Мазай и Зайцев\Числаки\lab1 (1)\lab1.5\x64\Debug\lab1-1.exe
